hbmk2[GRepuestos]: Advertencia: Valor no v lido de la opci¢n, valor ignorado:
                   'mt=' in
                   C:\Users\ernesto\desarrollo\repuestosFE\GRepuestos.hbc:4
Harbour 3.2.0dev (r1703241902)
Copyright (c) 1999-2016, http://harbour-project.org/
C:/Users/ernesto/AppData/Local/Temp/hbmk_9qis9k.dir/facturacion_electronica.o:facturacion_electronica.c:(.data+0x5a8): undefined reference to `HB_FUN_CURL_EASY_INIT'
C:/Users/ernesto/AppData/Local/Temp/hbmk_9qis9k.dir/facturacion_electronica.o:facturacion_electronica.c:(.data+0x5e8): undefined reference to `HB_FUN_CURL_EASY_SETOPT'
C:/Users/ernesto/AppData/Local/Temp/hbmk_9qis9k.dir/facturacion_electronica.o:facturacion_electronica.c:(.data+0x698): undefined reference to `HB_FUN_CURL_EASY_PERFORM'
C:/Users/ernesto/AppData/Local/Temp/hbmk_9qis9k.dir/facturacion_electronica.o:facturacion_electronica.c:(.data+0x6a8): undefined reference to `HB_FUN_CURL_EASY_DL_BUFF_GET'
C:/Users/ernesto/AppData/Local/Temp/hbmk_9qis9k.dir/facturacion_electronica.o:facturacion_electronica.c:(.data+0x6c8): undefined reference to `HB_FUN_CURL_EASY_STRERROR'
C:/Users/ernesto/AppData/Local/Temp/hbmk_9qis9k.dir/facturacion_electronica.o:facturacion_electronica.c:(.data+0x6d8): undefined reference to `HB_FUN_CURL_EASY_CLEANUP'
C:/Users/ernesto/AppData/Local/Temp/hbmk_9qis9k.dir/facturacion_electronica.o:facturacion_electronica.c:(.data+0x6e8): undefined reference to `HB_FUN_CURL_GLOBAL_CLEANUP'
collect2.exe: error: ld returned 1 exit status
hbmk2[GRepuestos]: Error: Ejecutando enlazador. 1
gcc.exe C:/Users/ernesto/AppData/Local/Temp/hbmk_9qis9k.dir/menu.o C:/Users/ernesto/AppData/Local/Temp/hbmk_9qis9k.dir/ajustosaldo.o C:/Users/ernesto/AppData/Local/Temp/hbmk_9qis9k.dir/ajustosaldoprov.o C:/Users/ernesto/AppData/Local/Temp/hbmk_9qis9k.dir/anulacion.o C:/Users/ernesto/AppData/Local/Temp/hbmk_9qis9k.dir/articulodescripcion.o C:/Users/ernesto/AppData/Local/Temp/hbmk_9qis9k.dir/articulos.o C:/Users/ernesto/AppData/Local/Temp/hbmk_9qis9k.dir/buscocliente.o C:/Users/ernesto/AppData/Local/Temp/hbmk_9qis9k.dir/buscoprecio.o C:/Users/ernesto/AppData/Local/Temp/hbmk_9qis9k.dir/buscosocio.o C:/Users/ernesto/AppData/Local/Temp/hbmk_9qis9k.dir/caja.o C:/Users/ernesto/AppData/Local/Temp/hbmk_9qis9k.dir/cierresanteriores.o C:/Users/ernesto/AppData/Local/Temp/hbmk_9qis9k.dir/clientes.o C:/Users/ernesto/AppData/Local/Temp/hbmk_9qis9k.dir/comercio.o C:/Users/ernesto/AppData/Local/Temp/hbmk_9qis9k.dir/devolucion_mercaderia.o C:/Users/ernesto/AppData/Local/Temp/hbmk_9qis9k.dir/documentogen.o C:/Users/ernesto/AppData/Local/Temp/hbmk_9qis9k.dir/documentos.o C:/Users/ernesto/AppData/Local/Temp/hbmk_9qis9k.dir/envioestados.o C:/Users/ernesto/AppData/Local/Temp/hbmk_9qis9k.dir/estadocuenta.o C:/Users/ernesto/AppData/Local/Temp/hbmk_9qis9k.dir/estadocuentaproveedor.o C:/Users/ernesto/AppData/Local/Temp/hbmk_9qis9k.dir/factcliente.o C:/Users/ernesto/AppData/Local/Temp/hbmk_9qis9k.dir/factproveedor.o C:/Users/ernesto/AppData/Local/Temp/hbmk_9qis9k.dir/factura.o C:/Users/ernesto/AppData/Local/Temp/hbmk_9qis9k.dir/facturacion_electronica.o C:/Users/ernesto/AppData/Local/Temp/hbmk_9qis9k.dir/funciones_generales.o C:/Users/ernesto/AppData/Local/Temp/hbmk_9qis9k.dir/funciones_mysql.o C:/Users/ernesto/AppData/Local/Temp/hbmk_9qis9k.dir/impresionestado.o C:/Users/ernesto/AppData/Local/Temp/hbmk_9qis9k.dir/locacion.o C:/Users/ernesto/AppData/Local/Temp/hbmk_9qis9k.dir/marca.o C:/Users/ernesto/AppData/Local/Temp/hbmk_9qis9k.dir/modelo.o C:/Users/ernesto/AppData/Local/Temp/hbmk_9qis9k.dir/moneda.o C:/Users/ernesto/AppData/Local/Temp/hbmk_9qis9k.dir/notadecredito.o C:/Users/ernesto/AppData/Local/Temp/hbmk_9qis9k.dir/numeradores.o C:/Users/ernesto/AppData/Local/Temp/hbmk_9qis9k.dir/presupuestos.o C:/Users/ernesto/AppData/Local/Temp/hbmk_9qis9k.dir/proveedor.o C:/Users/ernesto/AppData/Local/Temp/hbmk_9qis9k.dir/recibocliente.o C:/Users/ernesto/AppData/Local/Temp/hbmk_9qis9k.dir/reciboproveedor.o C:/Users/ernesto/AppData/Local/Temp/hbmk_9qis9k.dir/resumencompra.o C:/Users/ernesto/AppData/Local/Temp/hbmk_9qis9k.dir/resumenventa.o C:/Users/ernesto/AppData/Local/Temp/hbmk_9qis9k.dir/rubro.o C:/Users/ernesto/AppData/Local/Temp/hbmk_9qis9k.dir/salidacaja.o C:/Users/ernesto/AppData/Local/Temp/hbmk_9qis9k.dir/unidad.o C:/Users/ernesto/AppData/Local/Temp/hbmk_9qis9k.dir/usuario.o C:/Users/ernesto/AppData/Local/Temp/hbmk_9qis9k.dir/ventasporcodigo.o C:/Users/ernesto/AppData/Local/Temp/hbmk_9qis9k.dir/hbmk_l2b84d.o C:/Users/ernesto/desarrollo/repuestosFE/_temp.o    -pthread  -static-libgcc  -static-libstdc++  -static -lpthread -mwindows -Wl,--start-group -lhmg -lcrypt -ledit -leditex -lgraph -lini -lreport -lhfcl -lmsvfw32 -lvfw32 -lhbmysql -lmysql -lhbfimage -lhbpgsql -lsddmy -lhbvpdf -lhbct -lhbwin -lhbmzip -lminizip -lhbmemio -lhbmisc -lhbtip -lsqlite3 -lhbsqlit3 -lsddodbc -lrddsql -lhbodbc -lodbc32 -lhbhpdf -lhbnetio -lxhb -lpng -llibhpdf -lhbzebra -lhbextern -lhbdebug -lhbvmmt -lhbrtl -lhblang -lhbcpage -lgtcgi -lgtpca -lgtstd -lgtwin -lgtwvt -lgtgui -lhbrdd -lhbuddall -lhbusrrdd -lrddntx -lrddcdx -lrddnsx -lrddfpt -lhbrdd -lhbhsx -lhbsix -lhbmacro -lhbcplr -lhbpp -lhbcommon -lhbmainwin -lkernel32 -luser32 -lgdi32 -ladvapi32 -lws2_32 -liphlpapi -lwinspool -lcomctl32 -lcomdlg32 -lshell32 -luuid -lole32 -loleaut32 -lmpr -lwinmm -lmapi32 -limm32 -lmsimg32 -lwininet -lhbpcre -lhbzlib   -Wl,--end-group -oGRepuestos.exe  -LC:/hmg.3.4.4/harbour/lib/win/mingw -LC:/hmg.3.4.4/lib

hbmk2: Sugerencia: A¤ade la opci¢n 'hbcurl.hbc' para las funciones que faltan:
       curl_global_cleanup(), curl_easy_cleanup(), curl_easy_strerror(),
       curl_easy_dl_buff_get(), curl_easy_perform(), curl_easy_setopt(),
       curl_easy_init()
